[11:40:41] [Render thread/INFO] [JMLogger] JourneyMap log initialized.
[11:40:41] [Render thread/INFO] [JourneymapClient] initialize ENTER
[11:40:41] [Render thread/INFO] [ClientAPI] [ClientAPI] built with JourneyMap API 1.9-SNAPSHOT
[11:40:41] [Render thread/INFO] [PluginHelper] Initializing plugins with Client API: journeymap.client.api.impl.ClientAPI
[11:40:41] [Render thread/INFO] [PluginHelper] Initialized IClientPlugin: net.blay09.mods.waystones.compat.JourneyMapIntegration
[11:40:41] [Render thread/INFO] [PluginHelper] Initialized IClientPlugin: me.frankv.jmi.JMIJourneyMapPlugin
[11:40:41] [Render thread/INFO] [?] Version: JourneyMap 1.20.1-5.9.15, built with forge 1.20.1-47.1.46
forge: 47.2.1
Environment: os.name, os.arch, java.version, user.country, user.language=null, game language=en_us, locale=en_us
Features: 
	RadarPlayers : singleplayer = true , multiplayer = true
	RadarAnimals : singleplayer = true , multiplayer = true
	RadarMobs : singleplayer = true , multiplayer = true
	RadarVillagers : singleplayer = true , multiplayer = true
	MapTopo : singleplayer = true , multiplayer = true
	MapSurface : singleplayer = true , multiplayer = true
	MapCaves : singleplayer = true , multiplayer = true
	MapBiome : singleplayer = true , multiplayer = true
MiniMapProperties{state=Valid, file=journeymap.minimap.config, configVersion=5.9.15, zoomLevel=0, compassFontScale=1.0, terrainAlpha=100, showEntityNames=true, positionX=0.9, positionY=0.25, effectVertical=false, showPlayerHeading=true, sizePercent=22, playerDisplayScale=1.0, showDayNight=true, showPets=true, preferredMapType=night, showCompass=true, mobDisplay=jm.common.entity_display.icons, systemTimeRealFormat=HH:mm:ss, shape=jm.minimap.shape_circle, showSelf=true, selfDisplayScale=1.0, showGrid=true, reticleOrientation=jm.minimap.orientation.compass, gameTimeRealFormat=HH:mm:ss, effectTranslateX=-84, showWaypoints=true, minimapKeyMovementSpeed=0.001, showAnimals=true, infoSlotAlpha=0.7, effectTranslateY=0, showWaypointLabels=true, moveEffectIcons=true, position=jm.minimap.position_topright, fontScale=1.0, showPlayers=false, waypointIconScale=1.0, frameAlpha=100, effectReversed=false, backgroundAlpha=0.8, enabled=true, showVillagers=true, info2Label=jm.theme.labelsource.gametime, info3Label=jm.theme.labelsource.location, showMobs=true, waypointLabelScale=1.0, showReticle=true, orientation=jm.minimap.orientation.north, info4Label=jm.theme.labelsource.biome, locationFormat=xzyv, playerDisplay=jm.common.entity_display.dots, mobDisplayScale=1.0, showCaves=true, showMobHeading=true, locationFormatVerbose=true, info1Label=jm.theme.labelsource.blank}
MiniMapProperties{state=Valid, file=journeymap.minimap2.config, configVersion=5.9.15, zoomLevel=0, compassFontScale=1.0, terrainAlpha=100, showEntityNames=true, positionX=0.9, positionY=0.25, effectVertical=false, showPlayerHeading=true, sizePercent=22, playerDisplayScale=1.0, showDayNight=true, showPets=true, preferredMapType=day, showCompass=true, mobDisplay=jm.common.entity_display.dots, systemTimeRealFormat=HH:mm:ss, shape=jm.minimap.shape_rectangle, showSelf=true, selfDisplayScale=1.0, showGrid=true, reticleOrientation=jm.minimap.orientation.compass, gameTimeRealFormat=HH:mm:ss, effectTranslateX=-155, showWaypoints=true, minimapKeyMovementSpeed=0.001, showAnimals=true, infoSlotAlpha=0.7, effectTranslateY=0, showWaypointLabels=true, moveEffectIcons=true, position=jm.minimap.position_topright, fontScale=1.0, showPlayers=false, waypointIconScale=1.0, frameAlpha=100, effectReversed=false, backgroundAlpha=0.8, enabled=true, showVillagers=true, info2Label=jm.theme.labelsource.gametime, info3Label=jm.theme.labelsource.location, showMobs=true, waypointLabelScale=1.0, showReticle=true, orientation=jm.minimap.orientation.north, info4Label=jm.theme.labelsource.biome, locationFormat=xzyv, playerDisplay=jm.common.entity_display.dots, mobDisplayScale=1.0, showCaves=true, showMobHeading=true, locationFormatVerbose=true, info1Label=jm.theme.labelsource.blank}
FullMapProperties{state=Valid, file=journeymap.fullmap.config, configVersion=5.9.15, zoomLevel=1, showPlayers=false, waypointIconScale=1.0, showEntityNames=true, showPlayerHeading=true, showVillagers=true, showPlayerLoc=true, showKeys=true, playerDisplayScale=1.0, showMobs=true, showPets=true, waypointLabelScale=1.0, preferredMapType=day, mobDisplay=jm.common.entity_display.dots, showSelf=true, locationFormat=xzyv, playerDisplay=jm.common.entity_display.dots, mobDisplayScale=1.0, selfDisplayScale=1.0, showGrid=true, showMouseLoc=true, showWaypoints=true, showCaves=true, showAnimals=true, dragScale=1, showMobHeading=true, showWaypointLabels=true, locationFormatVerbose=true, fontScale=1.0}
WaypointProperties{state=Valid, file=journeymap.waypoint.config, configVersion=5.9.15, autoRemoveDeathpointDistance=2, dateFormat=dd-MM-yyyy, autoRemoveDeathpoints=true, fullscreenDoubleClickToCreate=true, managerDimensionFocus=false, minDistance=4, boldLabel=false, textureSmall=true, showDeathpointlabel=true, beaconEnabled=true, createDeathpoints=true, showName=true, disableStrikeThrough=false, maxDistance=0, autoHideLabel=true, autoRemoveTempWaypoints=2, teleportCommand=/tp {name} {x} {y} {z}, showStaticBeam=true, shaderBeacon=false, timeFormat=HH:mm:ss, showDeviationLabel=false, showDistance=true, showRotatingBeam=true, fontScale=2.0, showTexture=true, managerEnabled=true}
WebMapProperties{state=Valid, file=journeymap.webmap.config, configVersion=5.9.15, port=8080, enabled=false}
CoreProperties{state=Valid, file=journeymap.core.config, configVersion=5.9.15, verboseColorPalette=false, maxPlayersData=32, mapSurfaceAboveCaves=true, dataCachingEnabled=true, optionsManagerViewed=5.9.15, announceMod=true, colorPassive=#bbbbbb, mapBlendWater=false, renderDistanceSurfaceMax=0, seedId=false, radarVerticalDistance=16, mapBlendGrass=true, recordCacheStats=false, hideSneakingEntities=true, revealShape=jm.minimap.shape_circle, mapBiome=true, alwaysMapSurface=false, colorVillager=#88e188, mapPlants=false, colorPet=#0077ff, radarLateralDistance=64, mapBathymetry=false, mapCrops=true, maxMobsData=32, mapPlantShadows=false, alwaysMapCaves=false, checkUpdates=false, mapBlendFoliage=true, hideSpectators=true, mappingEnabled=true, colorPlayer=#ffffff, tileHighDisplayQuality=true, cacheVillagersData=2200, logLevel=INFO, maxVillagersData=32, mapWaterBiomeColors=false, maxAnimalsData=32, mapTransparency=true, caveBlackAsClear=false, tileRenderType=1, caveIgnoreGlass=true, mapTopography=true, renderDistanceCaveMax=0, mapAntialiasing=true, colorSelf=#0000ff, cachePlayersData=2000, cacheMobsData=3000, cachePlayerData=1000, splashViewed=5.9.15, colorHostile=#ff0000, cacheAnimalsData=3100, themeName=Purist, mapCaveLighting=true, renderDelay=2, glErrorChecking=false, autoMapPoll=2000}
[11:40:42] [Render thread/INFO] [JourneymapClient] initialize EXIT, elapsed count 1 avg 347.4ms
[11:40:46] [Render thread/INFO] [JourneymapClient] Journeymap PostInit
[11:40:46] [Render thread/INFO] [ThemeLoader] Preloaded theme textures: 73
[11:40:46] [Render thread/INFO] [VersionCheck] Update check disabled in properties file.
[11:40:46] [Render thread/INFO] [JourneymapClient] postInitialize EXIT, elapsed count 1 avg 200.3ms
[11:41:15] [Netty Client IO #5/INFO] [ForgeConfig] Loading JourneyMap Forge Configs
[11:41:23] [Render thread/INFO] [JourneymapClient] World UID is set to: a06801b2-b98c-4889-bf46-d082e976ef76
[11:41:24] [Render thread/INFO] [ModBlockDelegate] Custom modded block handling enabled for create
[11:41:24] [Render thread/INFO] [ModBlockDelegate] Custom modded block handling enabled for biomesoplenty
[11:41:24] [Render thread/INFO] [WaypointStore] Loaded 0 waypoints from D:\Program Files\CurseForge\Instances\All The Forge 10 - ATF10\journeymap\data\mp\Minecraft~Server_a06801b2~b98c~4889~bf46~d082e976ef76\waypoints
[11:41:24] [Render thread/INFO] [JourneymapClient] Mapping started in D:\Program Files\CurseForge\Instances\All The Forge 10 - ATF10\journeymap\data\mp\Minecraft~Server_a06801b2~b98c~4889~bf46~d082e976ef76\overworld. Memory: 2260MB total, 326MB free 
[11:41:25] [Render thread/INFO] [ChatLog] JourneyMap: Press [J]
[11:42:09] [Render thread/WARN] [JMLogger] Can't get entityTexture for alexsmobs:textures/entity_icon/blue_jay.png
[11:42:17] [Render thread/WARN] [JMLogger] Can't get entityTexture for alexsmobs:textures/entity_icon/banana_slug/banana_slug_2.png
[11:42:26] [Render thread/WARN] [JMLogger] Can't get entityTexture for alexsmobs:textures/entity_icon/seal/seal_brown_1.png
[11:42:26] [Render thread/WARN] [JMLogger] Can't get entityTexture for alexsmobs:textures/entity_icon/seal/seal_brown_0.png
[11:42:26] [Render thread/WARN] [JMLogger] Can't get entityTexture for alexsmobs:textures/entity_icon/lobster_red.png
[11:42:26] [Render thread/WARN] [JMLogger] Can't get entityTexture for alexsmobs:textures/entity_icon/lobster_blue.png
[11:45:00] [Render thread/INFO] [JourneymapClient] Mapping halted in D:\Program Files\CurseForge\Instances\All The Forge 10 - ATF10\journeymap\data\mp\Minecraft~Server_a06801b2~b98c~4889~bf46~d082e976ef76\minecraft:overworld
[11:49:01] [Render thread/INFO] [MappingMonitorTask] World ID has been reset.
[11:49:01] [Render thread/INFO] [JourneymapClient] World UID is set to: null
[11:49:09] [Netty Client IO #17/INFO] [ForgeConfig] Loading JourneyMap Forge Configs
[11:49:10] [Render thread/INFO] [WaypointStore] Loaded 0 waypoints from D:\Program Files\CurseForge\Instances\All The Forge 10 - ATF10\journeymap\data\mp\Minecraft~Server\waypoints
[11:49:12] [Render thread/INFO] [JourneymapClient] Mapping started in D:\Program Files\CurseForge\Instances\All The Forge 10 - ATF10\journeymap\data\mp\Minecraft~Server\overworld. Memory: 2260MB total, 395MB free 
[11:49:16] [Render thread/INFO] [JourneymapClient] Mapping halted in D:\Program Files\CurseForge\Instances\All The Forge 10 - ATF10\journeymap\data\mp\Minecraft~Server\minecraft:overworld
[11:49:16] [Render thread/INFO] [JourneymapClient] World UID is set to: a06801b2-b98c-4889-bf46-d082e976ef76
[11:49:16] [Render thread/INFO] [WaypointStore] Loaded 0 waypoints from D:\Program Files\CurseForge\Instances\All The Forge 10 - ATF10\journeymap\data\mp\Minecraft~Server_a06801b2~b98c~4889~bf46~d082e976ef76\waypoints
[11:49:16] [Render thread/INFO] [JourneymapClient] Mapping started in D:\Program Files\CurseForge\Instances\All The Forge 10 - ATF10\journeymap\data\mp\Minecraft~Server_a06801b2~b98c~4889~bf46~d082e976ef76\overworld. Memory: 2260MB total, 340MB free 
[11:51:03] [Render thread/INFO] [JourneymapClient] Mapping halted in D:\Program Files\CurseForge\Instances\All The Forge 10 - ATF10\journeymap\data\mp\Minecraft~Server_a06801b2~b98c~4889~bf46~d082e976ef76\minecraft:overworld
[11:56:24] [Render thread/INFO] [MappingMonitorTask] World ID has been reset.
[11:56:24] [Render thread/INFO] [JourneymapClient] World UID is set to: null
[11:57:03] [Netty Client IO #4/INFO] [ForgeConfig] Loading JourneyMap Forge Configs
[11:57:10] [Render thread/INFO] [JourneymapClient] World UID is set to: a06801b2-b98c-4889-bf46-d082e976ef76
[11:57:10] [Render thread/INFO] [WaypointStore] Loaded 0 waypoints from D:\Program Files\CurseForge\Instances\All The Forge 10 - ATF10\journeymap\data\mp\Minecraft~Server_a06801b2~b98c~4889~bf46~d082e976ef76\waypoints
[11:57:10] [Render thread/INFO] [JourneymapClient] Mapping started in D:\Program Files\CurseForge\Instances\All The Forge 10 - ATF10\journeymap\data\mp\Minecraft~Server_a06801b2~b98c~4889~bf46~d082e976ef76\overworld. Memory: 3380MB total, 1318MB free 
[11:58:06] [Render thread/WARN] [JMLogger] Can't get entityTexture for blue_skies:textures/entity_icon/gatekeeper/gatekeeper.png
[11:58:44] [Render thread/WARN] [JMLogger] Can't get entityTexture for alexsmobs:textures/entity_icon/crow.png
[11:59:36] [Render thread/WARN] [JMLogger] Can't get entityTexture for alexsmobs:textures/entity_icon/bison.png
[12:00:01] [Render thread/WARN] [JMLogger] Can't get entityTexture for alexsmobs:textures/entity_icon/raccoon.png
[12:00:43] [Render thread/INFO] [JourneymapClient] Mapping halted in D:\Program Files\CurseForge\Instances\All The Forge 10 - ATF10\journeymap\data\mp\Minecraft~Server_a06801b2~b98c~4889~bf46~d082e976ef76\minecraft:overworld
